2024-05-20 23:08:31.860 [info] Extension host with pid 1833 started
2024-05-20 23:08:31.860 [info] Skipping acquiring lock for /home/sokko/.config/Code - OSS/User/workspaceStorage/1e259cc3c8fc031bc4b6eb02770fce40.
2024-05-20 23:08:31.956 [info] ExtensionService#_doActivateExtension vscode.emmet, startup: false, activationEvent: 'onLanguage'
2024-05-20 23:08:31.966 [info] ExtensionService#_doActivateExtension sumneko.lua, startup: false, activationEvent: 'onLanguage:lua'
2024-05-20 23:08:32.410 [info] ExtensionService#_doActivateExtension vscode.git-base, startup: true, activationEvent: '*', root cause: vscode.git
2024-05-20 23:08:32.423 [info] ExtensionService#_doActivateExtension vscode.git, startup: true, activationEvent: '*'
2024-05-20 23:08:32.461 [info] ExtensionService#_doActivateExtension vscode.github, startup: true, activationEvent: '*'
2024-05-20 23:08:32.524 [info] Eager extensions activated
2024-05-20 23:08:32.581 [info] ExtensionService#_doActivateExtension vscode.debug-auto-launch, startup: false, activationEvent: 'onStartupFinished'
2024-05-20 23:08:32.583 [info] ExtensionService#_doActivateExtension vscode.merge-conflict, startup: false, activationEvent: 'onStartupFinished'
2024-05-20 23:08:32.591 [info] ExtensionService#_doActivateExtension Catppuccin.catppuccin-vsc, startup: false, activationEvent: 'onStartupFinished'
2024-05-20 23:08:32.595 [info] ExtensionService#_doActivateExtension Catppuccin.catppuccin-vsc-icons, startup: false, activationEvent: 'onStartupFinished'
2024-05-20 23:08:32.801 [info] ExtensionService#_doActivateExtension vscode.json-language-features, startup: false, activationEvent: 'onLanguage:jsonc'
2024-05-20 23:08:32.827 [info] ExtensionService#_doActivateExtension vscode.typescript-language-features, startup: false, activationEvent: 'onLanguage:jsonc'
2024-05-20 23:11:25.875 [info] Extension host terminating: renderer closed the MessagePort
2024-05-20 23:11:25.895 [info] Extension host with pid 1833 exiting with code 0
2024-05-20 23:11:28.085 [info] Extension host with pid 2161 started
2024-05-20 23:11:28.085 [info] Skipping acquiring lock for /home/sokko/.config/Code - OSS/User/workspaceStorage/e5291b78f4fcd29303d5de5e6a083e3f.
2024-05-20 23:11:28.092 [info] ExtensionService#_doActivateExtension vscode.emmet, startup: false, activationEvent: 'onLanguage'
2024-05-20 23:11:28.098 [info] ExtensionService#_doActivateExtension sumneko.lua, startup: false, activationEvent: 'onLanguage:lua'
2024-05-20 23:11:28.289 [info] ExtensionService#_doActivateExtension vscode.json-language-features, startup: false, activationEvent: 'onLanguage:jsonc'
2024-05-20 23:11:28.308 [info] ExtensionService#_doActivateExtension vscode.typescript-language-features, startup: false, activationEvent: 'onLanguage:jsonc'
2024-05-20 23:11:28.338 [info] ExtensionService#_doActivateExtension vscode.extension-editing, startup: false, activationEvent: 'onLanguage:json'
2024-05-20 23:11:28.359 [info] ExtensionService#_doActivateExtension vscode.npm, startup: false, activationEvent: 'onLanguage:json'
2024-05-20 23:11:28.725 [info] ExtensionService#_doActivateExtension vscode.git-base, startup: true, activationEvent: '*', root cause: vscode.git
2024-05-20 23:11:28.732 [info] ExtensionService#_doActivateExtension vscode.git, startup: true, activationEvent: '*'
2024-05-20 23:11:28.757 [info] ExtensionService#_doActivateExtension vscode.github, startup: true, activationEvent: '*'
2024-05-20 23:11:28.806 [info] Eager extensions activated
2024-05-20 23:11:28.848 [info] ExtensionService#_doActivateExtension vscode.debug-auto-launch, startup: false, activationEvent: 'onStartupFinished'
2024-05-20 23:11:28.853 [info] ExtensionService#_doActivateExtension vscode.merge-conflict, startup: false, activationEvent: 'onStartupFinished'
2024-05-20 23:11:28.864 [info] ExtensionService#_doActivateExtension Catppuccin.catppuccin-vsc, startup: false, activationEvent: 'onStartupFinished'
2024-05-20 23:11:28.868 [info] ExtensionService#_doActivateExtension Catppuccin.catppuccin-vsc-icons, startup: false, activationEvent: 'onStartupFinished'
2024-05-20 23:11:33.663 [info] Extension host terminating: renderer closed the MessagePort
2024-05-20 23:11:33.682 [info] Extension host with pid 2161 exiting with code 0
2024-05-20 23:11:34.151 [info] Extension host with pid 2221 started
2024-05-20 23:11:34.151 [info] Skipping acquiring lock for /home/sokko/.config/Code - OSS/User/workspaceStorage/e5291b78f4fcd29303d5de5e6a083e3f.
2024-05-20 23:11:34.159 [info] ExtensionService#_doActivateExtension vscode.emmet, startup: false, activationEvent: 'onLanguage'
2024-05-20 23:11:34.166 [info] ExtensionService#_doActivateExtension sumneko.lua, startup: false, activationEvent: 'onLanguage:lua'
2024-05-20 23:11:34.365 [info] ExtensionService#_doActivateExtension vscode.json-language-features, startup: false, activationEvent: 'onLanguage:jsonc'
2024-05-20 23:11:34.385 [info] ExtensionService#_doActivateExtension vscode.typescript-language-features, startup: false, activationEvent: 'onLanguage:jsonc'
2024-05-20 23:11:34.413 [info] ExtensionService#_doActivateExtension vscode.extension-editing, startup: false, activationEvent: 'onLanguage:json'
2024-05-20 23:11:34.430 [info] ExtensionService#_doActivateExtension vscode.npm, startup: false, activationEvent: 'onLanguage:json'
2024-05-20 23:11:34.809 [info] ExtensionService#_doActivateExtension vscode.git-base, startup: true, activationEvent: '*', root cause: vscode.git
2024-05-20 23:11:34.818 [info] ExtensionService#_doActivateExtension vscode.git, startup: true, activationEvent: '*'
2024-05-20 23:11:34.851 [info] ExtensionService#_doActivateExtension vscode.github, startup: true, activationEvent: '*'
2024-05-20 23:11:34.908 [info] Eager extensions activated
2024-05-20 23:11:34.939 [info] ExtensionService#_doActivateExtension vscode.debug-auto-launch, startup: false, activationEvent: 'onStartupFinished'
2024-05-20 23:11:34.941 [info] ExtensionService#_doActivateExtension vscode.merge-conflict, startup: false, activationEvent: 'onStartupFinished'
2024-05-20 23:11:34.947 [info] ExtensionService#_doActivateExtension Catppuccin.catppuccin-vsc, startup: false, activationEvent: 'onStartupFinished'
2024-05-20 23:11:34.950 [info] ExtensionService#_doActivateExtension Catppuccin.catppuccin-vsc-icons, startup: false, activationEvent: 'onStartupFinished'
2024-05-20 23:35:07.930 [info] Extension host terminating: renderer closed the MessagePort
2024-05-20 23:35:07.956 [info] Extension host with pid 2221 exiting with code 0
