2024-05-20 15:45:39.403 [info] Extension host with pid 7159 started
2024-05-20 15:45:39.495 [info] ExtensionService#_doActivateExtension vscode.git-base, startup: true, activationEvent: '*', root cause: vscode.git
2024-05-20 15:45:39.700 [info] ExtensionService#_doActivateExtension vscode.git, startup: true, activationEvent: '*'
2024-05-20 15:45:39.734 [info] ExtensionService#_doActivateExtension vscode.github, startup: true, activationEvent: '*'
2024-05-20 15:45:39.792 [info] Eager extensions activated
2024-05-20 15:45:39.837 [info] ExtensionService#_doActivateExtension vscode.debug-auto-launch, startup: false, activationEvent: 'onStartupFinished'
2024-05-20 15:45:39.840 [info] ExtensionService#_doActivateExtension vscode.merge-conflict, startup: false, activationEvent: 'onStartupFinished'
2024-05-20 15:45:39.852 [info] ExtensionService#_doActivateExtension Catppuccin.catppuccin-vsc, startup: false, activationEvent: 'onStartupFinished'
2024-05-20 15:45:39.857 [info] ExtensionService#_doActivateExtension Catppuccin.catppuccin-vsc-icons, startup: false, activationEvent: 'onStartupFinished'
2024-05-20 15:45:40.051 [info] ExtensionService#_doActivateExtension vscode.json-language-features, startup: false, activationEvent: 'onLanguage:jsonc'
2024-05-20 15:45:40.081 [info] ExtensionService#_doActivateExtension vscode.typescript-language-features, startup: false, activationEvent: 'onLanguage:jsonc'
2024-05-20 15:45:40.113 [info] ExtensionService#_doActivateExtension vscode.emmet, startup: false, activationEvent: 'onLanguage'
2024-05-20 15:45:47.342 [info] ExtensionService#_doActivateExtension sumneko.lua, startup: false, activationEvent: 'onLanguage:lua'
2024-05-20 15:46:16.200 [info] Extension host terminating: renderer closed the MessagePort
2024-05-20 15:46:16.224 [info] Extension host with pid 7159 exiting with code 0
2024-05-20 15:46:18.320 [info] Extension host with pid 7423 started
2024-05-20 15:46:18.320 [info] Skipping acquiring lock for /home/sokko/.config/Code - OSS/User/workspaceStorage/1e259cc3c8fc031bc4b6eb02770fce40.
2024-05-20 15:46:18.345 [info] ExtensionService#_doActivateExtension vscode.git-base, startup: true, activationEvent: '*'
2024-05-20 15:46:18.355 [info] ExtensionService#_doActivateExtension vscode.github, startup: true, activationEvent: '*'
2024-05-20 15:46:18.374 [info] Eager extensions activated
2024-05-20 15:46:18.417 [info] ExtensionService#_doActivateExtension vscode.debug-auto-launch, startup: false, activationEvent: 'onStartupFinished'
2024-05-20 15:46:18.420 [info] ExtensionService#_doActivateExtension vscode.merge-conflict, startup: false, activationEvent: 'onStartupFinished'
2024-05-20 15:46:18.428 [info] ExtensionService#_doActivateExtension Catppuccin.catppuccin-vsc, startup: false, activationEvent: 'onStartupFinished'
2024-05-20 15:46:23.315 [info] ExtensionService#_doActivateExtension vscode.git, startup: false, activationEvent: 'api', root cause: vscode.github
2024-05-20 15:46:23.404 [info] ExtensionService#_doActivateExtension Catppuccin.catppuccin-vsc-icons, startup: false, activationEvent: 'onStartupFinished'
2024-05-20 15:46:24.696 [info] ExtensionService#_doActivateExtension sumneko.lua, startup: false, activationEvent: 'onLanguage:lua'
2024-05-20 15:46:24.915 [info] ExtensionService#_doActivateExtension vscode.emmet, startup: false, activationEvent: 'onLanguage'
2024-05-20 15:46:49.393 [info] Extension host terminating: renderer closed the MessagePort
2024-05-20 15:46:49.412 [info] Extension host with pid 7423 exiting with code 0
