2024-05-20 15:45:38.665 [info] Added views:workbench.panel.markers.view in workbench.panel.markers
2024-05-20 15:45:38.665 [info] Added views:workbench.panel.output in workbench.panel.output
2024-05-20 15:45:38.665 [info] Added views:terminal in terminal
2024-05-20 15:45:38.665 [info] Added views:outline in workbench.view.explorer
2024-05-20 15:45:38.665 [info] Added views:workbench.scm in workbench.view.scm
2024-05-20 15:45:38.665 [info] Added views:workbench.view.search in workbench.view.search
2024-05-20 15:45:38.665 [info] Added views:timeline in workbench.view.explorer
2024-05-20 15:45:38.665 [info] Added views:workbench.explorer.emptyView in workbench.view.explorer
2024-05-20 15:45:39.440 [info] Added views:workbench.debug.welcome in workbench.view.debug
2024-05-20 15:45:39.488 [info] Added views:workbench.panel.repl.view in workbench.panel.repl
2024-05-20 15:45:40.427 [info] Added views:~remote.forwardedPorts in ~remote.forwardedPortsContainer
2024-05-20 15:46:17.674 [info] Added views:workbench.panel.markers.view in workbench.panel.markers
2024-05-20 15:46:17.674 [info] Added views:workbench.panel.output in workbench.panel.output
2024-05-20 15:46:17.674 [info] Added views:terminal in terminal
2024-05-20 15:46:17.674 [info] Added views:outline in workbench.view.explorer
2024-05-20 15:46:17.674 [info] Added views:workbench.scm in workbench.view.scm
2024-05-20 15:46:17.674 [info] Added views:workbench.view.search in workbench.view.search
2024-05-20 15:46:17.674 [info] Added views:timeline in workbench.view.explorer
2024-05-20 15:46:17.674 [info] Added views:workbench.explorer.fileView in workbench.view.explorer
2024-05-20 15:46:18.210 [info] Added views:workbench.debug.variablesView,workbench.debug.watchExpressionsView,workbench.debug.callStackView,workbench.debug.breakPointsView in workbench.view.debug
2024-05-20 15:46:18.341 [info] Added views:workbench.panel.repl.view in workbench.panel.repl
2024-05-20 15:46:18.343 [info] Removed views:workbench.debug.breakPointsView,workbench.debug.callStackView,workbench.debug.watchExpressionsView,workbench.debug.variablesView from workbench.view.debug
2024-05-20 15:46:18.344 [info] Added views:workbench.debug.welcome in workbench.view.debug
2024-05-20 15:46:18.397 [info] Added views:~remote.forwardedPorts in ~remote.forwardedPortsContainer
